Determining if the pthread_create exist failed with the following output:
Change Dir: /home/joe/rosLearning/workplace2/build/CMakeFiles/CMakeTmp

Run Build Command:"/usr/bin/make" "cmTC_ad2cb/fast"
/usr/bin/make -f CMakeFiles/cmTC_ad2cb.dir/build.make CMakeFiles/cmTC_ad2cb.dir/build
make[1]: Entering directory '/home/joe/rosLearning/workplace2/build/CMakeFiles/CMakeTmp'
Building C object CMakeFiles/cmTC_ad2cb.dir/CheckSymbolExists.c.o
/usr/bin/cc     -o CMakeFiles/cmTC_ad2cb.dir/CheckSymbolExists.c.o   -c /home/joe/rosLearning/workplace2/build/CMakeFiles/CMakeTmp/CheckSymbolExists.c
Linking C executable cmTC_ad2cb
/usr/bin/cmake -E cmake_link_script CMakeFiles/cmTC_ad2cb.dir/link.txt --verbose=1
/usr/bin/cc       CMakeFiles/cmTC_ad2cb.dir/CheckSymbolExists.c.o  -o cmTC_ad2cb -rdynamic 
CMakeFiles/cmTC_ad2cb.dir/CheckSymbolExists.c.o：在函数‘main’中：
CheckSymbolExists.c:(.text+0x16)：对‘pthread_create’未定义的引用
collect2: error: ld returned 1 exit status
CMakeFiles/cmTC_ad2cb.dir/build.make:97: recipe for target 'cmTC_ad2cb' failed
make[1]: *** [cmTC_ad2cb] Error 1
make[1]: Leaving directory '/home/joe/rosLearning/workplace2/build/CMakeFiles/CMakeTmp'
Makefile:126: recipe for target 'cmTC_ad2cb/fast' failed
make: *** [cmTC_ad2cb/fast] Error 2

File /home/joe/rosLearning/workplace2/build/CMakeFiles/CMakeTmp/CheckSymbolExists.c:
/* */
#include <pthread.h>

int main(int argc, char** argv)
{
  (void)argv;
#ifndef pthread_create
  return ((int*)(&pthread_create))[argc];
#else
  (void)argc;
  return 0;
#endif
}

Determining if the function pthread_create exists in the pthreads failed with the following output:
Change Dir: /home/joe/rosLearning/workplace2/build/CMakeFiles/CMakeTmp

Run Build Command:"/usr/bin/make" "cmTC_87302/fast"
/usr/bin/make -f CMakeFiles/cmTC_87302.dir/build.make CMakeFiles/cmTC_87302.dir/build
make[1]: Entering directory '/home/joe/rosLearning/workplace2/build/CMakeFiles/CMakeTmp'
Building C object CMakeFiles/cmTC_87302.dir/CheckFunctionExists.c.o
/usr/bin/cc    -DCHECK_FUNCTION_EXISTS=pthread_create   -o CMakeFiles/cmTC_87302.dir/CheckFunctionExists.c.o   -c /usr/share/cmake-3.5/Modules/CheckFunctionExists.c
Linking C executable cmTC_87302
/usr/bin/cmake -E cmake_link_script CMakeFiles/cmTC_87302.dir/link.txt --verbose=1
/usr/bin/cc   -DCHECK_FUNCTION_EXISTS=pthread_create    CMakeFiles/cmTC_87302.dir/CheckFunctionExists.c.o  -o cmTC_87302 -rdynamic -lpthreads 
/usr/bin/ld: 找不到 -lpthreads
collect2: error: ld returned 1 exit status
CMakeFiles/cmTC_87302.dir/build.make:97: recipe for target 'cmTC_87302' failed
make[1]: *** [cmTC_87302] Error 1
make[1]: Leaving directory '/home/joe/rosLearning/workplace2/build/CMakeFiles/CMakeTmp'
Makefile:126: recipe for target 'cmTC_87302/fast' failed
make: *** [cmTC_87302/fast] Error 2


